{"C:\\Users\\davis\\Documents\\lab09\\server.js": {"path":"C:\\Users\\davis\\Documents\\lab09\\server.js","statementMap":{"0":{"start":{"line":1,"column":16},"end":{"line":1,"column":34}},"1":{"start":{"line":2,"column":12},"end":{"line":2,"column":21}},"2":{"start":{"line":3,"column":15},"end":{"line":3,"column":41}},"3":{"start":{"line":5,"column":13},"end":{"line":5,"column":37}},"4":{"start":{"line":7,"column":0},"end":{"line":7,"column":23}},"5":{"start":{"line":8,"column":0},"end":{"line":8,"column":15}},"6":{"start":{"line":12,"column":4},"end":{"line":12,"column":67}},"7":{"start":{"line":12,"column":26},"end":{"line":12,"column":66}},"8":{"start":{"line":15,"column":0},"end":{"line":15,"column":39}}},"fnMap":{"0":{"name":"start","decl":{"start":{"line":11,"column":9},"end":{"line":11,"column":14}},"loc":{"start":{"line":11,"column":17},"end":{"line":13,"column":1}},"line":11},"1":{"name":"(anonymous_1)","decl":{"start":{"line":12,"column":20},"end":{"line":12,"column":21}},"loc":{"start":{"line":12,"column":26},"end":{"line":12,"column":66}},"line":12}},"branchMap":{"0":{"loc":{"start":{"line":5,"column":13},"end":{"line":5,"column":37}},"type":"binary-expr","locations":[{"start":{"line":5,"column":13},"end":{"line":5,"column":29}},{"start":{"line":5,"column":33},"end":{"line":5,"column":37}}],"line":5}},"s":{"0":2,"1":2,"2":2,"3":2,"4":2,"5":2,"6":0,"7":0,"8":2},"f":{"0":0,"1":0},"b":{"0":[2,2]},"_coverageSchema":"1a1c01bbd47fc00a2c39e90264f33305004495a9","hash":"799a4fd4328d0536f04523443e23452823930b5e"}
,"C:\\Users\\davis\\Documents\\lab09\\middleware\\acl.js": {"path":"C:\\Users\\davis\\Documents\\lab09\\middleware\\acl.js","statementMap":{"0":{"start":{"line":3,"column":0},"end":{"line":19,"column":1}},"1":{"start":{"line":5,"column":4},"end":{"line":17,"column":5}},"2":{"start":{"line":7,"column":8},"end":{"line":16,"column":9}},"3":{"start":{"line":8,"column":12},"end":{"line":13,"column":13}},"4":{"start":{"line":9,"column":16},"end":{"line":9,"column":23}},"5":{"start":{"line":12,"column":16},"end":{"line":12,"column":54}},"6":{"start":{"line":15,"column":12},"end":{"line":15,"column":34}}},"fnMap":{"0":{"name":"(anonymous_0)","decl":{"start":{"line":3,"column":17},"end":{"line":3,"column":18}},"loc":{"start":{"line":3,"column":33},"end":{"line":19,"column":1}},"line":3},"1":{"name":"(anonymous_1)","decl":{"start":{"line":5,"column":11},"end":{"line":5,"column":12}},"loc":{"start":{"line":5,"column":31},"end":{"line":17,"column":5}},"line":5}},"branchMap":{"0":{"loc":{"start":{"line":8,"column":12},"end":{"line":13,"column":13}},"type":"if","locations":[{"start":{"line":8,"column":12},"end":{"line":13,"column":13}},{"start":{"line":11,"column":17},"end":{"line":13,"column":13}}],"line":8}},"s":{"0":2,"1":6,"2":3,"3":3,"4":1,"5":2,"6":0},"f":{"0":6,"1":3},"b":{"0":[1,2]},"_coverageSchema":"1a1c01bbd47fc00a2c39e90264f33305004495a9","hash":"11056a7004c9701319e3c8d8859544586b92dfd3"}
,"C:\\Users\\davis\\Documents\\lab09\\middleware\\basic.js": {"path":"C:\\Users\\davis\\Documents\\lab09\\middleware\\basic.js","statementMap":{"0":{"start":{"line":3,"column":15},"end":{"line":3,"column":33}},"1":{"start":{"line":4,"column":19},"end":{"line":4,"column":45}},"2":{"start":{"line":6,"column":0},"end":{"line":24,"column":1}},"3":{"start":{"line":8,"column":4},"end":{"line":8,"column":60}},"4":{"start":{"line":8,"column":38},"end":{"line":8,"column":58}},"5":{"start":{"line":10,"column":16},"end":{"line":10,"column":58}},"6":{"start":{"line":11,"column":31},"end":{"line":11,"column":62}},"7":{"start":{"line":13,"column":4},"end":{"line":18,"column":5}},"8":{"start":{"line":14,"column":8},"end":{"line":14,"column":69}},"9":{"start":{"line":15,"column":8},"end":{"line":15,"column":15}},"10":{"start":{"line":17,"column":8},"end":{"line":17,"column":20}},"11":{"start":{"line":21,"column":8},"end":{"line":21,"column":46}}},"fnMap":{"0":{"name":"(anonymous_0)","decl":{"start":{"line":6,"column":17},"end":{"line":6,"column":18}},"loc":{"start":{"line":6,"column":43},"end":{"line":24,"column":1}},"line":6},"1":{"name":"_authError","decl":{"start":{"line":20,"column":13},"end":{"line":20,"column":23}},"loc":{"start":{"line":20,"column":26},"end":{"line":22,"column":5}},"line":20}},"branchMap":{"0":{"loc":{"start":{"line":8,"column":4},"end":{"line":8,"column":60}},"type":"if","locations":[{"start":{"line":8,"column":4},"end":{"line":8,"column":60}},{"start":{},"end":{}}],"line":8}},"s":{"0":2,"1":2,"2":2,"3":3,"4":0,"5":3,"6":3,"7":3,"8":3,"9":3,"10":0,"11":0},"f":{"0":3,"1":0},"b":{"0":[0,3]},"_coverageSchema":"1a1c01bbd47fc00a2c39e90264f33305004495a9","hash":"361ce8c21de80392a01747b80b08d5774deffaf9"}
,"C:\\Users\\davis\\Documents\\lab09\\middleware\\bearer.js": {"path":"C:\\Users\\davis\\Documents\\lab09\\middleware\\bearer.js","statementMap":{"0":{"start":{"line":3,"column":19},"end":{"line":3,"column":45}},"1":{"start":{"line":5,"column":0},"end":{"line":22,"column":1}},"2":{"start":{"line":7,"column":4},"end":{"line":17,"column":5}},"3":{"start":{"line":8,"column":8},"end":{"line":8,"column":56}},"4":{"start":{"line":8,"column":42},"end":{"line":8,"column":54}},"5":{"start":{"line":9,"column":22},"end":{"line":9,"column":64}},"6":{"start":{"line":10,"column":26},"end":{"line":10,"column":63}},"7":{"start":{"line":11,"column":8},"end":{"line":11,"column":29}},"8":{"start":{"line":12,"column":8},"end":{"line":12,"column":36}},"9":{"start":{"line":13,"column":8},"end":{"line":13,"column":15}},"10":{"start":{"line":16,"column":8},"end":{"line":16,"column":21}},"11":{"start":{"line":20,"column":8},"end":{"line":20,"column":30}}},"fnMap":{"0":{"name":"(anonymous_0)","decl":{"start":{"line":5,"column":17},"end":{"line":5,"column":18}},"loc":{"start":{"line":5,"column":43},"end":{"line":22,"column":1}},"line":5},"1":{"name":"_authError","decl":{"start":{"line":19,"column":13},"end":{"line":19,"column":23}},"loc":{"start":{"line":19,"column":26},"end":{"line":21,"column":5}},"line":19}},"branchMap":{"0":{"loc":{"start":{"line":8,"column":8},"end":{"line":8,"column":56}},"type":"if","locations":[{"start":{"line":8,"column":8},"end":{"line":8,"column":56}},{"start":{},"end":{}}],"line":8}},"s":{"0":2,"1":2,"2":3,"3":3,"4":0,"5":3,"6":3,"7":3,"8":3,"9":3,"10":0,"11":0},"f":{"0":3,"1":0},"b":{"0":[0,3]},"_coverageSchema":"1a1c01bbd47fc00a2c39e90264f33305004495a9","hash":"8f08439e3846cf636b49826a65a7ea58bc2416f0"}
,"C:\\Users\\davis\\Documents\\lab09\\models\\index.js": {"path":"C:\\Users\\davis\\Documents\\lab09\\models\\index.js","statementMap":{"0":{"start":{"line":1,"column":33},"end":{"line":1,"column":53}},"1":{"start":{"line":2,"column":21},"end":{"line":2,"column":40}},"2":{"start":{"line":3,"column":19},"end":{"line":3,"column":36}},"3":{"start":{"line":5,"column":21},"end":{"line":5,"column":37}},"4":{"start":{"line":7,"column":18},"end":{"line":7,"column":45}},"5":{"start":{"line":9,"column":15},"end":{"line":9,"column":49}},"6":{"start":{"line":10,"column":13},"end":{"line":10,"column":45}},"7":{"start":{"line":12,"column":0},"end":{"line":12,"column":44}}},"fnMap":{},"branchMap":{},"s":{"0":2,"1":2,"2":2,"3":2,"4":2,"5":2,"6":2,"7":2},"f":{},"b":{},"_coverageSchema":"1a1c01bbd47fc00a2c39e90264f33305004495a9","hash":"9bf6d63a822cb9bd1ddbc0152b43acf1fb0c15ec"}
,"C:\\Users\\davis\\Documents\\lab09\\models\\item.js": {"path":"C:\\Users\\davis\\Documents\\lab09\\models\\item.js","statementMap":{"0":{"start":{"line":1,"column":18},"end":{"line":32,"column":1}},"1":{"start":{"line":2,"column":18},"end":{"line":15,"column":6}},"2":{"start":{"line":17,"column":4},"end":{"line":21,"column":6}},"3":{"start":{"line":18,"column":8},"end":{"line":20,"column":9}},"4":{"start":{"line":19,"column":12},"end":{"line":19,"column":32}},"5":{"start":{"line":23,"column":4},"end":{"line":29,"column":6}},"6":{"start":{"line":24,"column":8},"end":{"line":28,"column":9}},"7":{"start":{"line":25,"column":12},"end":{"line":25,"column":32}},"8":{"start":{"line":27,"column":12},"end":{"line":27,"column":31}},"9":{"start":{"line":31,"column":4},"end":{"line":31,"column":16}},"10":{"start":{"line":34,"column":0},"end":{"line":34,"column":26}}},"fnMap":{"0":{"name":"(anonymous_0)","decl":{"start":{"line":1,"column":18},"end":{"line":1,"column":19}},"loc":{"start":{"line":1,"column":44},"end":{"line":32,"column":1}},"line":1},"1":{"name":"(anonymous_1)","decl":{"start":{"line":17,"column":23},"end":{"line":17,"column":24}},"loc":{"start":{"line":17,"column":33},"end":{"line":21,"column":5}},"line":17},"2":{"name":"(anonymous_2)","decl":{"start":{"line":23,"column":23},"end":{"line":23,"column":24}},"loc":{"start":{"line":23,"column":33},"end":{"line":29,"column":5}},"line":23}},"branchMap":{"0":{"loc":{"start":{"line":18,"column":8},"end":{"line":20,"column":9}},"type":"if","locations":[{"start":{"line":18,"column":8},"end":{"line":20,"column":9}},{"start":{},"end":{}}],"line":18},"1":{"loc":{"start":{"line":24,"column":8},"end":{"line":28,"column":9}},"type":"if","locations":[{"start":{"line":24,"column":8},"end":{"line":28,"column":9}},{"start":{"line":26,"column":15},"end":{"line":28,"column":9}}],"line":24}},"s":{"0":2,"1":2,"2":2,"3":5,"4":2,"5":2,"6":0,"7":0,"8":0,"9":2,"10":2},"f":{"0":2,"1":5,"2":0},"b":{"0":[2,3],"1":[0,0]},"_coverageSchema":"1a1c01bbd47fc00a2c39e90264f33305004495a9","hash":"78ed46d5c2f4a3dfec9aa50fcf7a0d41fcf88b7a"}
,"C:\\Users\\davis\\Documents\\lab09\\models\\person.js": {"path":"C:\\Users\\davis\\Documents\\lab09\\models\\person.js","statementMap":{"0":{"start":{"line":1,"column":15},"end":{"line":1,"column":32}},"1":{"start":{"line":2,"column":12},"end":{"line":2,"column":35}},"2":{"start":{"line":4,"column":15},"end":{"line":4,"column":73}},"3":{"start":{"line":6,"column":20},"end":{"line":68,"column":2}},"4":{"start":{"line":7,"column":18},"end":{"line":44,"column":6}},"5":{"start":{"line":26,"column":16},"end":{"line":26,"column":69}},"6":{"start":{"line":29,"column":16},"end":{"line":29,"column":50}},"7":{"start":{"line":35,"column":28},"end":{"line":40,"column":17}},"8":{"start":{"line":41,"column":16},"end":{"line":41,"column":37}},"9":{"start":{"line":46,"column":4},"end":{"line":48,"column":6}},"10":{"start":{"line":47,"column":8},"end":{"line":47,"column":63}},"11":{"start":{"line":50,"column":4},"end":{"line":55,"column":5}},"12":{"start":{"line":51,"column":21},"end":{"line":51,"column":64}},"13":{"start":{"line":52,"column":22},"end":{"line":52,"column":67}},"14":{"start":{"line":53,"column":8},"end":{"line":53,"column":35}},"15":{"start":{"line":53,"column":21},"end":{"line":53,"column":33}},"16":{"start":{"line":54,"column":8},"end":{"line":54,"column":40}},"17":{"start":{"line":57,"column":4},"end":{"line":65,"column":6}},"18":{"start":{"line":58,"column":8},"end":{"line":64,"column":9}},"19":{"start":{"line":59,"column":32},"end":{"line":59,"column":57}},"20":{"start":{"line":60,"column":25},"end":{"line":60,"column":89}},"21":{"start":{"line":61,"column":12},"end":{"line":61,"column":38}},"22":{"start":{"line":61,"column":24},"end":{"line":61,"column":36}},"23":{"start":{"line":63,"column":12},"end":{"line":63,"column":38}},"24":{"start":{"line":67,"column":4},"end":{"line":67,"column":16}},"25":{"start":{"line":70,"column":1},"end":{"line":70,"column":29}}},"fnMap":{"0":{"name":"(anonymous_0)","decl":{"start":{"line":6,"column":20},"end":{"line":6,"column":21}},"loc":{"start":{"line":6,"column":46},"end":{"line":68,"column":2}},"line":6},"1":{"name":"(anonymous_1)","decl":{"start":{"line":25,"column":12},"end":{"line":25,"column":13}},"loc":{"start":{"line":25,"column":18},"end":{"line":27,"column":13}},"line":25},"2":{"name":"(anonymous_2)","decl":{"start":{"line":28,"column":12},"end":{"line":28,"column":13}},"loc":{"start":{"line":28,"column":26},"end":{"line":30,"column":13}},"line":28},"3":{"name":"(anonymous_3)","decl":{"start":{"line":34,"column":12},"end":{"line":34,"column":13}},"loc":{"start":{"line":34,"column":18},"end":{"line":42,"column":13}},"line":34},"4":{"name":"(anonymous_4)","decl":{"start":{"line":46,"column":23},"end":{"line":46,"column":24}},"loc":{"start":{"line":46,"column":41},"end":{"line":48,"column":5}},"line":46},"5":{"name":"(anonymous_5)","decl":{"start":{"line":50,"column":30},"end":{"line":50,"column":31}},"loc":{"start":{"line":50,"column":65},"end":{"line":55,"column":5}},"line":50},"6":{"name":"(anonymous_6)","decl":{"start":{"line":57,"column":30},"end":{"line":57,"column":31}},"loc":{"start":{"line":57,"column":53},"end":{"line":65,"column":5}},"line":57}},"branchMap":{"0":{"loc":{"start":{"line":4,"column":15},"end":{"line":4,"column":73}},"type":"binary-expr","locations":[{"start":{"line":4,"column":15},"end":{"line":4,"column":33}},{"start":{"line":4,"column":37},"end":{"line":4,"column":73}}],"line":4},"1":{"loc":{"start":{"line":53,"column":8},"end":{"line":53,"column":35}},"type":"if","locations":[{"start":{"line":53,"column":8},"end":{"line":53,"column":35}},{"start":{},"end":{}}],"line":53},"2":{"loc":{"start":{"line":61,"column":12},"end":{"line":61,"column":38}},"type":"if","locations":[{"start":{"line":61,"column":12},"end":{"line":61,"column":38}},{"start":{},"end":{}}],"line":61}},"s":{"0":2,"1":2,"2":2,"3":2,"4":2,"5":8,"6":0,"7":5,"8":5,"9":2,"10":2,"11":2,"12":3,"13":3,"14":3,"15":3,"16":0,"17":2,"18":3,"19":3,"20":3,"21":3,"22":3,"23":0,"24":2,"25":2},"f":{"0":2,"1":8,"2":0,"3":5,"4":2,"5":3,"6":3},"b":{"0":[2,2],"1":[3,0],"2":[3,0]},"_coverageSchema":"1a1c01bbd47fc00a2c39e90264f33305004495a9","hash":"c1d381cadbeb1954bf03a576deeaadf5b5120801"}
,"C:\\Users\\davis\\Documents\\lab09\\routes\\routes.js": {"path":"C:\\Users\\davis\\Documents\\lab09\\routes\\routes.js","statementMap":{"0":{"start":{"line":1,"column":16},"end":{"line":1,"column":34}},"1":{"start":{"line":2,"column":15},"end":{"line":2,"column":31}},"2":{"start":{"line":3,"column":19},"end":{"line":3,"column":45}},"3":{"start":{"line":4,"column":14},"end":{"line":4,"column":34}},"4":{"start":{"line":5,"column":18},"end":{"line":5,"column":48}},"5":{"start":{"line":6,"column":19},"end":{"line":6,"column":50}},"6":{"start":{"line":7,"column":20},"end":{"line":7,"column":48}},"7":{"start":{"line":10,"column":0},"end":{"line":18,"column":2}},"8":{"start":{"line":11,"column":4},"end":{"line":17,"column":5}},"9":{"start":{"line":12,"column":21},"end":{"line":12,"column":29}},"10":{"start":{"line":13,"column":21},"end":{"line":13,"column":46}},"11":{"start":{"line":14,"column":8},"end":{"line":14,"column":34}},"12":{"start":{"line":16,"column":8},"end":{"line":16,"column":53}},"13":{"start":{"line":20,"column":0},"end":{"line":24,"column":2}},"14":{"start":{"line":22,"column":4},"end":{"line":22,"column":34}},"15":{"start":{"line":26,"column":0},"end":{"line":34,"column":2}},"16":{"start":{"line":27,"column":22},"end":{"line":27,"column":38}},"17":{"start":{"line":28,"column":4},"end":{"line":33,"column":5}},"18":{"start":{"line":29,"column":8},"end":{"line":29,"column":36}},"19":{"start":{"line":30,"column":8},"end":{"line":30,"column":14}},"20":{"start":{"line":32,"column":8},"end":{"line":32,"column":29}},"21":{"start":{"line":36,"column":0},"end":{"line":36,"column":47}},"22":{"start":{"line":37,"column":0},"end":{"line":37,"column":51}},"23":{"start":{"line":38,"column":0},"end":{"line":38,"column":72}},"24":{"start":{"line":39,"column":0},"end":{"line":39,"column":75}},"25":{"start":{"line":40,"column":0},"end":{"line":40,"column":78}},"26":{"start":{"line":45,"column":14},"end":{"line":45,"column":22}},"27":{"start":{"line":46,"column":20},"end":{"line":46,"column":47}},"28":{"start":{"line":47,"column":4},"end":{"line":47,"column":36}},"29":{"start":{"line":51,"column":21},"end":{"line":51,"column":48}},"30":{"start":{"line":52,"column":4},"end":{"line":52,"column":37}},"31":{"start":{"line":56,"column":15},"end":{"line":56,"column":28}},"32":{"start":{"line":57,"column":20},"end":{"line":57,"column":64}},"33":{"start":{"line":58,"column":4},"end":{"line":58,"column":36}},"34":{"start":{"line":62,"column":15},"end":{"line":62,"column":28}},"35":{"start":{"line":63,"column":16},"end":{"line":63,"column":24}},"36":{"start":{"line":64,"column":19},"end":{"line":64,"column":62}},"37":{"start":{"line":65,"column":24},"end":{"line":65,"column":48}},"38":{"start":{"line":66,"column":4},"end":{"line":66,"column":40}},"39":{"start":{"line":70,"column":13},"end":{"line":70,"column":26}},"40":{"start":{"line":71,"column":19},"end":{"line":71,"column":63}},"41":{"start":{"line":72,"column":24},"end":{"line":72,"column":48}},"42":{"start":{"line":73,"column":4},"end":{"line":73,"column":40}},"43":{"start":{"line":76,"column":0},"end":{"line":76,"column":23}}},"fnMap":{"0":{"name":"(anonymous_0)","decl":{"start":{"line":10,"column":23},"end":{"line":10,"column":24}},"loc":{"start":{"line":10,"column":42},"end":{"line":18,"column":1}},"line":10},"1":{"name":"(anonymous_1)","decl":{"start":{"line":20,"column":34},"end":{"line":20,"column":35}},"loc":{"start":{"line":20,"column":53},"end":{"line":24,"column":1}},"line":20},"2":{"name":"(anonymous_2)","decl":{"start":{"line":26,"column":22},"end":{"line":26,"column":23}},"loc":{"start":{"line":26,"column":42},"end":{"line":34,"column":1}},"line":26},"3":{"name":"handleCreate","decl":{"start":{"line":44,"column":15},"end":{"line":44,"column":27}},"loc":{"start":{"line":44,"column":38},"end":{"line":48,"column":1}},"line":44},"4":{"name":"handleGetAll","decl":{"start":{"line":50,"column":15},"end":{"line":50,"column":27}},"loc":{"start":{"line":50,"column":38},"end":{"line":53,"column":1}},"line":50},"5":{"name":"handleGetOne","decl":{"start":{"line":55,"column":15},"end":{"line":55,"column":27}},"loc":{"start":{"line":55,"column":38},"end":{"line":59,"column":1}},"line":55},"6":{"name":"handleUpdate","decl":{"start":{"line":61,"column":15},"end":{"line":61,"column":27}},"loc":{"start":{"line":61,"column":38},"end":{"line":67,"column":1}},"line":61},"7":{"name":"handleDelete","decl":{"start":{"line":69,"column":15},"end":{"line":69,"column":27}},"loc":{"start":{"line":69,"column":38},"end":{"line":74,"column":1}},"line":69}},"branchMap":{"0":{"loc":{"start":{"line":28,"column":4},"end":{"line":33,"column":5}},"type":"if","locations":[{"start":{"line":28,"column":4},"end":{"line":33,"column":5}},{"start":{"line":31,"column":11},"end":{"line":33,"column":5}}],"line":28}},"s":{"0":2,"1":2,"2":2,"3":2,"4":2,"5":2,"6":2,"7":2,"8":1,"9":1,"10":1,"11":1,"12":0,"13":2,"14":1,"15":2,"16":5,"17":5,"18":5,"19":5,"20":0,"21":2,"22":2,"23":2,"24":2,"25":2,"26":1,"27":1,"28":1,"29":1,"30":1,"31":1,"32":1,"33":1,"34":0,"35":0,"36":0,"37":0,"38":0,"39":0,"40":0,"41":0,"42":0,"43":2},"f":{"0":1,"1":1,"2":5,"3":1,"4":1,"5":1,"6":0,"7":0},"b":{"0":[5,0]},"_coverageSchema":"1a1c01bbd47fc00a2c39e90264f33305004495a9","hash":"12f9471b02d24dc36f8eb6fa8488740000366712"}
}
