TN:
SF:server.js
FN:11,start
FN:12,(anonymous_1)
FNF:2
FNH:0
FNDA:0,start
FNDA:0,(anonymous_1)
DA:1,2
DA:2,2
DA:3,2
DA:5,2
DA:7,2
DA:8,2
DA:12,0
DA:15,2
LF:8
LH:7
BRDA:5,0,0,2
BRDA:5,0,1,2
BRF:2
BRH:2
end_of_record
TN:
SF:middleware\acl.js
FN:3,(anonymous_0)
FN:5,(anonymous_1)
FNF:2
FNH:2
FNDA:6,(anonymous_0)
FNDA:3,(anonymous_1)
DA:3,2
DA:5,6
DA:7,3
DA:8,3
DA:9,1
DA:12,2
DA:15,0
LF:7
LH:6
BRDA:8,0,0,1
BRDA:8,0,1,2
BRF:2
BRH:2
end_of_record
TN:
SF:middleware\basic.js
FN:6,(anonymous_0)
FN:20,_authError
FNF:2
FNH:1
FNDA:3,(anonymous_0)
FNDA:0,_authError
DA:3,2
DA:4,2
DA:6,2
DA:8,3
DA:10,3
DA:11,3
DA:13,3
DA:14,3
DA:15,3
DA:17,0
DA:21,0
LF:11
LH:9
BRDA:8,0,0,0
BRDA:8,0,1,3
BRF:2
BRH:1
end_of_record
TN:
SF:middleware\bearer.js
FN:5,(anonymous_0)
FN:19,_authError
FNF:2
FNH:1
FNDA:3,(anonymous_0)
FNDA:0,_authError
DA:3,2
DA:5,2
DA:7,3
DA:8,3
DA:9,3
DA:10,3
DA:11,3
DA:12,3
DA:13,3
DA:16,0
DA:20,0
LF:11
LH:9
BRDA:8,0,0,0
BRDA:8,0,1,3
BRF:2
BRH:1
end_of_record
TN:
SF:models\index.js
FNF:0
FNH:0
DA:1,2
DA:2,2
DA:3,2
DA:5,2
DA:7,2
DA:9,2
DA:10,2
DA:12,2
LF:8
LH:8
BRF:0
BRH:0
end_of_record
TN:
SF:models\item.js
FN:1,(anonymous_0)
FN:17,(anonymous_1)
FN:23,(anonymous_2)
FNF:3
FNH:2
FNDA:2,(anonymous_0)
FNDA:5,(anonymous_1)
FNDA:0,(anonymous_2)
DA:1,2
DA:2,2
DA:17,2
DA:18,5
DA:19,2
DA:23,2
DA:24,0
DA:25,0
DA:27,0
DA:31,2
DA:34,2
LF:11
LH:8
BRDA:18,0,0,2
BRDA:18,0,1,3
BRDA:24,1,0,0
BRDA:24,1,1,0
BRF:4
BRH:2
end_of_record
TN:
SF:models\person.js
FN:6,(anonymous_0)
FN:25,(anonymous_1)
FN:28,(anonymous_2)
FN:34,(anonymous_3)
FN:46,(anonymous_4)
FN:50,(anonymous_5)
FN:57,(anonymous_6)
FNF:7
FNH:6
FNDA:2,(anonymous_0)
FNDA:8,(anonymous_1)
FNDA:0,(anonymous_2)
FNDA:5,(anonymous_3)
FNDA:2,(anonymous_4)
FNDA:3,(anonymous_5)
FNDA:3,(anonymous_6)
DA:1,2
DA:2,2
DA:4,2
DA:6,2
DA:7,2
DA:26,8
DA:29,0
DA:35,5
DA:41,5
DA:46,2
DA:47,2
DA:50,2
DA:51,3
DA:52,3
DA:53,3
DA:54,0
DA:57,2
DA:58,3
DA:59,3
DA:60,3
DA:61,3
DA:63,0
DA:67,2
DA:70,2
LF:24
LH:21
BRDA:4,0,0,2
BRDA:4,0,1,2
BRDA:53,1,0,3
BRDA:53,1,1,0
BRDA:61,2,0,3
BRDA:61,2,1,0
BRF:6
BRH:4
end_of_record
TN:
SF:routes\routes.js
FN:10,(anonymous_0)
FN:20,(anonymous_1)
FN:26,(anonymous_2)
FN:44,handleCreate
FN:50,handleGetAll
FN:55,handleGetOne
FN:61,handleUpdate
FN:69,handleDelete
FNF:8
FNH:6
FNDA:1,(anonymous_0)
FNDA:1,(anonymous_1)
FNDA:5,(anonymous_2)
FNDA:1,handleCreate
FNDA:1,handleGetAll
FNDA:1,handleGetOne
FNDA:0,handleUpdate
FNDA:0,handleDelete
DA:1,2
DA:2,2
DA:3,2
DA:4,2
DA:5,2
DA:6,2
DA:7,2
DA:10,2
DA:11,1
DA:12,1
DA:13,1
DA:14,1
DA:16,0
DA:20,2
DA:22,1
DA:26,2
DA:27,5
DA:28,5
DA:29,5
DA:30,5
DA:32,0
DA:36,2
DA:37,2
DA:38,2
DA:39,2
DA:40,2
DA:45,1
DA:46,1
DA:47,1
DA:51,1
DA:52,1
DA:56,1
DA:57,1
DA:58,1
DA:62,0
DA:63,0
DA:64,0
DA:65,0
DA:66,0
DA:70,0
DA:71,0
DA:72,0
DA:73,0
DA:76,2
LF:44
LH:33
BRDA:28,0,0,5
BRDA:28,0,1,0
BRF:2
BRH:1
end_of_record
